<?xml version="1.0" encoding="UTF-8"?>
<!-- Generated by org.testng.reporters.JUnitReportReporter -->
<testsuite hostname="LAPTOP-OAV09TMM" failures="0" tests="2" name="Test.extentreportwithtestNGDemo" time="14.695" errors="0" timestamp="19 Jul 2021 13:16:24 GMT">
  <testcase classname="Test.extentreportwithtestNGDemo" name="testtwo" time="6.218"/>
  <testcase classname="Test.extentreportwithtestNGDemo" name="testone" time="8.477"/>
</testsuite> <!-- Test.extentreportwithtestNGDemo -->
