<?xml version="1.0" encoding="UTF-8"?>
<!-- Generated by org.testng.reporters.JUnitReportReporter -->
<testsuite hostname="LAPTOP-OAV09TMM" failures="0" tests="2" name="listenerDemo.TestCaseforlistener" time="15.092" errors="0" timestamp="14 Jul 2021 12:10:32 GMT">
  <testcase classname="listenerDemo.TestCaseforlistener" name="testone" time="8.825"/>
  <testcase classname="listenerDemo.TestCaseforlistener" name="testtwo" time="6.267"/>
</testsuite> <!-- listenerDemo.TestCaseforlistener -->
