<?xml version="1.0" encoding="UTF-8"?>
<!-- Generated by org.testng.reporters.JUnitReportReporter -->
<testsuite hostname="LAPTOP-OAV09TMM" failures="0" tests="1" name="Test.TESTNGDemo" time="12.551" errors="0" timestamp="14 Jul 2021 10:36:04 GMT">
  <testcase classname="Test.TESTNGDemo" name="pagenavigate" time="12.551"/>
</testsuite> <!-- Test.TESTNGDemo -->
