<?xml version="1.0" encoding="UTF-8"?>
<!-- Generated by org.testng.reporters.JUnitReportReporter -->
<testsuite hostname="LAPTOP-OAV09TMM" failures="0" tests="2" name="Test.extentreportwithtestNGDemo2" time="15.013" errors="0" timestamp="14 Jul 2021 13:21:17 GMT">
  <testcase classname="Test.extentreportwithtestNGDemo2" name="testtwo2" time="6.331"/>
  <testcase classname="Test.extentreportwithtestNGDemo2" name="testone1" time="8.682"/>
</testsuite> <!-- Test.extentreportwithtestNGDemo2 -->
